Using pre-set license
Built from '2021.3/china_unity/release' branch; Version is '2021.3.6f1c1 (07401303b748) revision 475155'; Using compiler version '192829333'; Build Type 'Release'
OS: 'Windows 10  (10.0.19044) 64bit Professional' Language: 'zh' Physical Memory: 16181 MB
BatchMode: 1, IsHumanControllingUs: 0, StartBugReporterOnCrash: 0, Is64bit: 1, IsPro: 1

COMMAND LINE ARGUMENTS:
C:\Program Files\Unity 2021.3.6f1c1\Editor\Unity.exe
-adb2
-batchMode
-noUpm
-name
AssetImportWorker0
-projectPath
D:/UnityProject/LuaFramework_NGUI-master
-logFile
Logs/AssetImportWorker0.log
-srvPort
58301
Successfully changed project path to: D:/UnityProject/LuaFramework_NGUI-master
D:/UnityProject/LuaFramework_NGUI-master
[UnityMemory] Configuration Parameters - Can be set up in boot.config
    "memorysetup-bucket-allocator-granularity=16"
    "memorysetup-bucket-allocator-bucket-count=8"
    "memorysetup-bucket-allocator-block-size=33554432"
    "memorysetup-bucket-allocator-block-count=8"
    "memorysetup-main-allocator-block-size=16777216"
    "memorysetup-thread-allocator-block-size=16777216"
    "memorysetup-gfx-main-allocator-block-size=16777216"
    "memorysetup-gfx-thread-allocator-block-size=16777216"
    "memorysetup-cache-allocator-block-size=4194304"
    "memorysetup-typetree-allocator-block-size=2097152"
    "memorysetup-profiler-bucket-allocator-granularity=16"
    "memorysetup-profiler-bucket-allocator-bucket-count=8"
    "memorysetup-profiler-bucket-allocator-block-size=33554432"
    "memorysetup-profiler-bucket-allocator-block-count=8"
    "memorysetup-profiler-allocator-block-size=16777216"
    "memorysetup-profiler-editor-allocator-block-size=1048576"
    "memorysetup-temp-allocator-size-main=16777216"
    "memorysetup-job-temp-allocator-block-size=2097152"
    "memorysetup-job-temp-allocator-block-size-background=1048576"
    "memorysetup-job-temp-allocator-reduction-small-platforms=262144"
    "memorysetup-temp-allocator-size-background-worker=32768"
    "memorysetup-temp-allocator-size-job-worker=262144"
    "memorysetup-temp-allocator-size-preload-manager=33554432"
    "memorysetup-temp-allocator-size-nav-mesh-worker=65536"
    "memorysetup-temp-allocator-size-audio-worker=65536"
    "memorysetup-temp-allocator-size-cloud-worker=32768"
    "memorysetup-temp-allocator-size-gi-baking-worker=262144"
    "memorysetup-temp-allocator-size-gfx=262144"
AS: AutoStreaming module initializing.
Refreshing native plugins compatible for Editor in 65.46 ms, found 7 plugins.
Preloading 0 native plugins for Editor in 0.00 ms.
Initialize engine version: 2021.3.6f1c1 (07401303b748)
[Subsystems] Discovering subsystems at path C:/Program Files/Unity 2021.3.6f1c1/Editor/Data/Resources/UnitySubsystems
[Subsystems] Discovering subsystems at path D:/UnityProject/LuaFramework_NGUI-master/Assets
GfxDevice: creating device client; threaded=0; jobified=0
Direct3D:
    Version:  Direct3D 11.0 [level 11.1]
    Renderer: Intel(R) UHD Graphics 750 (ID=0x4c8a)
    Vendor:   Intel
    VRAM:     8090 MB
    Driver:   30.0.101.1273
Initialize mono
Mono path[0] = 'C:/Program Files/Unity 2021.3.6f1c1/Editor/Data/Managed'
Mono path[1] = 'C:/Program Files/Unity 2021.3.6f1c1/Editor/Data/MonoBleedingEdge/lib/mono/unityjit-win32'
Mono config path = 'C:/Program Files/Unity 2021.3.6f1c1/Editor/Data/MonoBleedingEdge/etc'
Using monoOptions --debugger-agent=transport=dt_socket,embedding=1,server=y,suspend=n,address=127.0.0.1:56400
Begin MonoManager ReloadAssembly
Registering precompiled unity dll's ...
Register platform support module: C:/Program Files/Unity 2021.3.6f1c1/Editor/Data/PlaybackEngines/WindowsStandaloneSupport/UnityEditor.WindowsStandalone.Extensions.dll
Registered in 0.003597 seconds.
Native extension for WindowsStandalone target not found
Refreshing native plugins compatible for Editor in 63.12 ms, found 7 plugins.
Preloading 0 native plugins for Editor in 0.00 ms.
Mono: successfully reloaded assembly
- Completed reload, in  0.508 seconds
Domain Reload Profiling:
	ReloadAssembly (509ms)
		BeginReloadAssembly (69ms)
			ExecutionOrderSort (0ms)
			DisableScriptedObjects (0ms)
			BackupInstance (0ms)
			ReleaseScriptingObjects (0ms)
			CreateAndSetChildDomain (1ms)
		EndReloadAssembly (356ms)
			LoadAssemblies (63ms)
			RebuildTransferFunctionScriptingTraits (0ms)
			SetupTypeCache (71ms)
			ReleaseScriptCaches (0ms)
			RebuildScriptCaches (21ms)
			SetupLoadedEditorAssemblies (222ms)
				LogAssemblyErrors (0ms)
				InitializePlatformSupportModulesInManaged (5ms)
				SetLoadedEditorAssemblies (0ms)
				RefreshPlugins (63ms)
				BeforeProcessingInitializeOnLoad (1ms)
				ProcessInitializeOnLoadAttributes (118ms)
				ProcessInitializeOnLoadMethodAttributes (34ms)
				AfterProcessingInitializeOnLoad (0ms)
				EditorAssembliesLoaded (0ms)
			ExecutionOrderSort2 (0ms)
			AwakeInstancesAfterBackupRestoration (0ms)
Platform modules already initialized, skipping
Registering precompiled user dll's ...
Registered in 0.006967 seconds.
Begin MonoManager ReloadAssembly
Native extension for WindowsStandalone target not found
Refreshing native plugins compatible for Editor in 0.90 ms, found 7 plugins.
Preloading 0 native plugins for Editor in 0.00 ms.
Mono: successfully reloaded assembly
- Completed reload, in  0.747 seconds
Domain Reload Profiling:
	ReloadAssembly (747ms)
		BeginReloadAssembly (93ms)
			ExecutionOrderSort (0ms)
			DisableScriptedObjects (4ms)
			BackupInstance (0ms)
			ReleaseScriptingObjects (0ms)
			CreateAndSetChildDomain (16ms)
		EndReloadAssembly (569ms)
			LoadAssemblies (67ms)
			RebuildTransferFunctionScriptingTraits (0ms)
			SetupTypeCache (161ms)
			ReleaseScriptCaches (1ms)
			RebuildScriptCaches (42ms)
			SetupLoadedEditorAssemblies (274ms)
				LogAssemblyErrors (0ms)
				InitializePlatformSupportModulesInManaged (6ms)
				SetLoadedEditorAssemblies (1ms)
				RefreshPlugins (1ms)
				BeforeProcessingInitializeOnLoad (60ms)
				ProcessInitializeOnLoadAttributes (175ms)
				ProcessInitializeOnLoadMethodAttributes (24ms)
				AfterProcessingInitializeOnLoad (8ms)
				EditorAssembliesLoaded (0ms)
			ExecutionOrderSort2 (0ms)
			AwakeInstancesAfterBackupRestoration (4ms)
Platform modules already initialized, skipping
========================================================================
Worker process is ready to serve import requests
Launched and connected shader compiler UnityShaderCompiler.exe after 0.03 seconds
Refreshing native plugins compatible for Editor in 0.92 ms, found 7 plugins.
Preloading 0 native plugins for Editor in 0.00 ms.
Unloading 3704 Unused Serialized files (Serialized files now loaded: 0)
Unloading 37 unused Assets / (295.9 KB). Loaded Objects now: 4153.
Memory consumption went from 133.5 MB to 133.2 MB.
Total: 3.378500 ms (FindLiveObjects: 0.317900 ms CreateObjectMapping: 0.163400 ms MarkObjects: 2.688700 ms  DeleteObjects: 0.207700 ms)

AssetImportParameters requested are different than current active one (requested -> active):
  custom:video-decoder-ogg-theora: a1e56fd34408186e4bbccfd4996cb3dc -> 
  custom:container-muxer-webm: aa71ff27fc2769a1b78a27578f13a17b -> 
  custom:container-demuxer-webm: 4f35f7cbe854078d1ac9338744f61a02 -> 
  custom:video-encoder-webm-vp8: eb34c28f22e8b96e1ab97ce403110664 -> 
  custom:audio-encoder-webm-vorbis: bf7c407c2cedff20999df2af8eb42d56 -> 
  custom:framework-win-MediaFoundation: 216162199b28c13a410421893ffa2e32 -> 
  custom:container-demuxer-ogg: 62fdf1f143b41e24485cea50d1cbac27 -> 
  custom:video-decoder-webm-vp8: 9c59270c3fd7afecdb556c50c9e8de78 -> 
  custom:audio-decoder-ogg-vorbis: bf7c407c2cedff20999df2af8eb42d56 -> 
========================================================================
Received Prepare
Registering precompiled user dll's ...
Registered in 0.008664 seconds.
Begin MonoManager ReloadAssembly
Native extension for WindowsStandalone target not found
Refreshing native plugins compatible for Editor in 1.01 ms, found 7 plugins.
Preloading 0 native plugins for Editor in 0.00 ms.
Mono: successfully reloaded assembly
- Completed reload, in  1.091 seconds
Domain Reload Profiling:
	ReloadAssembly (1092ms)
		BeginReloadAssembly (114ms)
			ExecutionOrderSort (0ms)
			DisableScriptedObjects (4ms)
			BackupInstance (0ms)
			ReleaseScriptingObjects (0ms)
			CreateAndSetChildDomain (27ms)
		EndReloadAssembly (903ms)
			LoadAssemblies (82ms)
			RebuildTransferFunctionScriptingTraits (0ms)
			SetupTypeCache (285ms)
			ReleaseScriptCaches (3ms)
			RebuildScriptCaches (67ms)
			SetupLoadedEditorAssemblies (415ms)
				LogAssemblyErrors (0ms)
				InitializePlatformSupportModulesInManaged (16ms)
				SetLoadedEditorAssemblies (1ms)
				RefreshPlugins (1ms)
				BeforeProcessingInitializeOnLoad (68ms)
				ProcessInitializeOnLoadAttributes (287ms)
				ProcessInitializeOnLoadMethodAttributes (31ms)
				AfterProcessingInitializeOnLoad (10ms)
				EditorAssembliesLoaded (0ms)
			ExecutionOrderSort2 (0ms)
			AwakeInstancesAfterBackupRestoration (7ms)
Platform modules already initialized, skipping
Refreshing native plugins compatible for Editor in 3.61 ms, found 7 plugins.
Preloading 0 native plugins for Editor in 0.00 ms.
Unloading 3668 Unused Serialized files (Serialized files now loaded: 0)
Unloading 30 unused Assets / (263.6 KB). Loaded Objects now: 4156.
Memory consumption went from 130.2 MB to 129.9 MB.
Total: 4.093500 ms (FindLiveObjects: 0.502300 ms CreateObjectMapping: 0.127200 ms MarkObjects: 3.194600 ms  DeleteObjects: 0.267100 ms)

AssetImportParameters requested are different than current active one (requested -> active):
  custom:video-decoder-ogg-theora: a1e56fd34408186e4bbccfd4996cb3dc -> 
  custom:container-muxer-webm: aa71ff27fc2769a1b78a27578f13a17b -> 
  custom:container-demuxer-webm: 4f35f7cbe854078d1ac9338744f61a02 -> 
  custom:video-encoder-webm-vp8: eb34c28f22e8b96e1ab97ce403110664 -> 
  custom:audio-encoder-webm-vorbis: bf7c407c2cedff20999df2af8eb42d56 -> 
  custom:framework-win-MediaFoundation: 216162199b28c13a410421893ffa2e32 -> 
  custom:container-demuxer-ogg: 62fdf1f143b41e24485cea50d1cbac27 -> 
  custom:video-decoder-webm-vp8: 9c59270c3fd7afecdb556c50c9e8de78 -> 
  custom:audio-decoder-ogg-vorbis: bf7c407c2cedff20999df2af8eb42d56 -> 
========================================================================
Received Import Request.
  Time since last request: 86971.334421 seconds.
  path: Assets/LuaFramework/NGUI/Examples/Scenes/Example 1 - Anchors.unity
  artifactKey: Guid(a1a629371c484164e85541902c003f93) Importer(815301076,1909f56bfc062723c751e8b465ee728b)
Start importing Assets/LuaFramework/NGUI/Examples/Scenes/Example 1 - Anchors.unity using Guid(a1a629371c484164e85541902c003f93) Importer(815301076,1909f56bfc062723c751e8b465ee728b)  -> (artifact id: '142ce67c7d5d353848e39f66970555b7') in 0.017603 seconds 
========================================================================
Received Import Request.
  Time since last request: 6.872292 seconds.
  path: Assets/LuaFramework/NGUI/Examples/Scenes/Example 2 - Interaction.unity
  artifactKey: Guid(d07112ae35e3b49439de26a882a05e95) Importer(815301076,1909f56bfc062723c751e8b465ee728b)
Start importing Assets/LuaFramework/NGUI/Examples/Scenes/Example 2 - Interaction.unity using Guid(d07112ae35e3b49439de26a882a05e95) Importer(815301076,1909f56bfc062723c751e8b465ee728b)  -> (artifact id: 'b1c76584bf3a40c6c55eb12be556711d') in 0.006219 seconds 
========================================================================
Received Import Request.
  Time since last request: 2.260823 seconds.
  path: Assets/LuaFramework/NGUI/Examples/Scenes/Example 3 - Menu.unity
  artifactKey: Guid(474217fc05d321a42a8e55d9b14c7f0a) Importer(815301076,1909f56bfc062723c751e8b465ee728b)
Start importing Assets/LuaFramework/NGUI/Examples/Scenes/Example 3 - Menu.unity using Guid(474217fc05d321a42a8e55d9b14c7f0a) Importer(815301076,1909f56bfc062723c751e8b465ee728b)  -> (artifact id: 'b94ca3eb830f2711aa462d8b662f64e9') in 0.006677 seconds 
========================================================================
Received Import Request.
  Time since last request: 2.147946 seconds.
  path: Assets/LuaFramework/NGUI/Examples/Scenes/Example 4 - Controller Input.unity
  artifactKey: Guid(9ea6b02917b630644ad13e20afbe4f6e) Importer(815301076,1909f56bfc062723c751e8b465ee728b)
Start importing Assets/LuaFramework/NGUI/Examples/Scenes/Example 4 - Controller Input.unity using Guid(9ea6b02917b630644ad13e20afbe4f6e) Importer(815301076,1909f56bfc062723c751e8b465ee728b)  -> (artifact id: '1de5451153b7d0c46a35b222e92ab0f9') in 0.006186 seconds 
========================================================================
Received Import Request.
  Time since last request: 1.060623 seconds.
  path: Assets/LuaFramework/NGUI/Examples/Scenes/Example 5 - Lights and Refraction.unity
  artifactKey: Guid(3179bb385b3703449b588ae70428dd3d) Importer(815301076,1909f56bfc062723c751e8b465ee728b)
Start importing Assets/LuaFramework/NGUI/Examples/Scenes/Example 5 - Lights and Refraction.unity using Guid(3179bb385b3703449b588ae70428dd3d) Importer(815301076,1909f56bfc062723c751e8b465ee728b)  -> (artifact id: '1a1e0a801b394ba1536928ee8ee00824') in 0.006417 seconds 
========================================================================
Received Import Request.
  Time since last request: 1.749146 seconds.
  path: Assets/LuaFramework/NGUI/Examples/Scenes/Example 6 - Draggable Window.unity
  artifactKey: Guid(b7b5ccaa3ff373a4ea0eb310cb86421d) Importer(815301076,1909f56bfc062723c751e8b465ee728b)
Start importing Assets/LuaFramework/NGUI/Examples/Scenes/Example 6 - Draggable Window.unity using Guid(b7b5ccaa3ff373a4ea0eb310cb86421d) Importer(815301076,1909f56bfc062723c751e8b465ee728b)  -> (artifact id: 'e0443a8615597e93d1a393ad94f30b6e') in 0.006980 seconds 
========================================================================
Received Import Request.
  Time since last request: 1.456382 seconds.
  path: Assets/LuaFramework/NGUI/Examples/Scenes/Example 7 - Scroll View (Panel).unity
  artifactKey: Guid(651a1500e5e710b4b94d6b620741138a) Importer(815301076,1909f56bfc062723c751e8b465ee728b)
Start importing Assets/LuaFramework/NGUI/Examples/Scenes/Example 7 - Scroll View (Panel).unity using Guid(651a1500e5e710b4b94d6b620741138a) Importer(815301076,1909f56bfc062723c751e8b465ee728b)  -> (artifact id: 'd7f55287857ed3e91923d2df73d710b5') in 0.007741 seconds 
========================================================================
Received Import Request.
  Time since last request: 3.625171 seconds.
  path: Assets/LuaFramework/NGUI/Examples/Scenes/Example 8 - Scroll View (Camera).unity
  artifactKey: Guid(53c9f540c7228b54e8593bc0b0db1415) Importer(815301076,1909f56bfc062723c751e8b465ee728b)
Start importing Assets/LuaFramework/NGUI/Examples/Scenes/Example 8 - Scroll View (Camera).unity using Guid(53c9f540c7228b54e8593bc0b0db1415) Importer(815301076,1909f56bfc062723c751e8b465ee728b)  -> (artifact id: '7aae6454e861db24b4f48d4597428950') in 0.013395 seconds 
========================================================================
Received Import Request.
  Time since last request: 1.306852 seconds.
  path: Assets/LuaFramework/NGUI/Examples/Scenes/Example 9 - Quest Log.unity
  artifactKey: Guid(52345d7deca6f844e9aed924a00fcc2c) Importer(815301076,1909f56bfc062723c751e8b465ee728b)
Start importing Assets/LuaFramework/NGUI/Examples/Scenes/Example 9 - Quest Log.unity using Guid(52345d7deca6f844e9aed924a00fcc2c) Importer(815301076,1909f56bfc062723c751e8b465ee728b)  -> (artifact id: 'f61f8d398414c96f884e3df43a8f1d96') in 0.006582 seconds 
========================================================================
Received Import Request.
  Time since last request: 2.184597 seconds.
  path: Assets/LuaFramework/NGUI/Examples/Scenes/Example 10 - Localization.unity
  artifactKey: Guid(c56710aac7fb7714fabd339ec0832f7b) Importer(815301076,1909f56bfc062723c751e8b465ee728b)
Start importing Assets/LuaFramework/NGUI/Examples/Scenes/Example 10 - Localization.unity using Guid(c56710aac7fb7714fabd339ec0832f7b) Importer(815301076,1909f56bfc062723c751e8b465ee728b)  -> (artifact id: 'ad5c3e6d078b0b57ef3f22e991f13c5e') in 0.007253 seconds 
========================================================================
Received Import Request.
  Time since last request: 0.975844 seconds.
  path: Assets/LuaFramework/NGUI/Examples/Scenes/Example 11 - Drag & Drop.unity
  artifactKey: Guid(7d9c1ac4eded11d46b40e7949b834ca1) Importer(815301076,1909f56bfc062723c751e8b465ee728b)
Start importing Assets/LuaFramework/NGUI/Examples/Scenes/Example 11 - Drag & Drop.unity using Guid(7d9c1ac4eded11d46b40e7949b834ca1) Importer(815301076,1909f56bfc062723c751e8b465ee728b)  -> (artifact id: '15bb187d52aa707b0be7c08c96c5ff71') in 0.007881 seconds 
========================================================================
Received Prepare
Registering precompiled user dll's ...
Registered in 0.005387 seconds.
Begin MonoManager ReloadAssembly
Native extension for WindowsStandalone target not found
Refreshing native plugins compatible for Editor in 1.50 ms, found 7 plugins.
Preloading 0 native plugins for Editor in 0.00 ms.
Mono: successfully reloaded assembly
- Completed reload, in  1.119 seconds
Domain Reload Profiling:
	ReloadAssembly (1120ms)
		BeginReloadAssembly (107ms)
			ExecutionOrderSort (0ms)
			DisableScriptedObjects (4ms)
			BackupInstance (0ms)
			ReleaseScriptingObjects (0ms)
			CreateAndSetChildDomain (27ms)
		EndReloadAssembly (931ms)
			LoadAssemblies (69ms)
			RebuildTransferFunctionScriptingTraits (0ms)
			SetupTypeCache (280ms)
			ReleaseScriptCaches (2ms)
			RebuildScriptCaches (63ms)
			SetupLoadedEditorAssemblies (453ms)
				LogAssemblyErrors (0ms)
				InitializePlatformSupportModulesInManaged (18ms)
				SetLoadedEditorAssemblies (1ms)
				RefreshPlugins (2ms)
				BeforeProcessingInitializeOnLoad (76ms)
				ProcessInitializeOnLoadAttributes (314ms)
				ProcessInitializeOnLoadMethodAttributes (31ms)
				AfterProcessingInitializeOnLoad (11ms)
				EditorAssembliesLoaded (0ms)
			ExecutionOrderSort2 (0ms)
			AwakeInstancesAfterBackupRestoration (7ms)
Platform modules already initialized, skipping
Refreshing native plugins compatible for Editor in 4.17 ms, found 7 plugins.
Preloading 0 native plugins for Editor in 0.00 ms.
Unloading 3668 Unused Serialized files (Serialized files now loaded: 0)
Unloading 30 unused Assets / (264.6 KB). Loaded Objects now: 4159.
Memory consumption went from 130.2 MB to 130.0 MB.
Total: 4.846600 ms (FindLiveObjects: 0.323100 ms CreateObjectMapping: 0.145000 ms MarkObjects: 3.926100 ms  DeleteObjects: 0.450900 ms)

AssetImportParameters requested are different than current active one (requested -> active):
  custom:video-decoder-ogg-theora: a1e56fd34408186e4bbccfd4996cb3dc -> 
  custom:container-muxer-webm: aa71ff27fc2769a1b78a27578f13a17b -> 
  custom:container-demuxer-webm: 4f35f7cbe854078d1ac9338744f61a02 -> 
  custom:video-encoder-webm-vp8: eb34c28f22e8b96e1ab97ce403110664 -> 
  custom:audio-encoder-webm-vorbis: bf7c407c2cedff20999df2af8eb42d56 -> 
  custom:framework-win-MediaFoundation: 216162199b28c13a410421893ffa2e32 -> 
  custom:container-demuxer-ogg: 62fdf1f143b41e24485cea50d1cbac27 -> 
  custom:video-decoder-webm-vp8: 9c59270c3fd7afecdb556c50c9e8de78 -> 
  custom:audio-decoder-ogg-vorbis: bf7c407c2cedff20999df2af8eb42d56 -> 
========================================================================
Received Import Request.
  Time since last request: 18.827401 seconds.
  path: Assets/LuaFramework/NGUI/Examples/Scenes/Example 12 - Chat Window.unity
  artifactKey: Guid(f7405180428fe944f9c9e0185cf9366e) Importer(815301076,1909f56bfc062723c751e8b465ee728b)
Start importing Assets/LuaFramework/NGUI/Examples/Scenes/Example 12 - Chat Window.unity using Guid(f7405180428fe944f9c9e0185cf9366e) Importer(815301076,1909f56bfc062723c751e8b465ee728b)  -> (artifact id: '69ed653fe8c4fab3e0011c23c738fbdb') in 0.013796 seconds 
========================================================================
Received Prepare
Registering precompiled user dll's ...
Registered in 0.005515 seconds.
Begin MonoManager ReloadAssembly
Native extension for WindowsStandalone target not found
Refreshing native plugins compatible for Editor in 1.32 ms, found 7 plugins.
Preloading 0 native plugins for Editor in 0.00 ms.
Mono: successfully reloaded assembly
- Completed reload, in  1.128 seconds
Domain Reload Profiling:
	ReloadAssembly (1129ms)
		BeginReloadAssembly (125ms)
			ExecutionOrderSort (0ms)
			DisableScriptedObjects (5ms)
			BackupInstance (0ms)
			ReleaseScriptingObjects (0ms)
			CreateAndSetChildDomain (30ms)
		EndReloadAssembly (928ms)
			LoadAssemblies (88ms)
			RebuildTransferFunctionScriptingTraits (0ms)
			SetupTypeCache (279ms)
			ReleaseScriptCaches (3ms)
			RebuildScriptCaches (67ms)
			SetupLoadedEditorAssemblies (438ms)
				LogAssemblyErrors (0ms)
				InitializePlatformSupportModulesInManaged (15ms)
				SetLoadedEditorAssemblies (1ms)
				RefreshPlugins (2ms)
				BeforeProcessingInitializeOnLoad (78ms)
				ProcessInitializeOnLoadAttributes (295ms)
				ProcessInitializeOnLoadMethodAttributes (36ms)
				AfterProcessingInitializeOnLoad (10ms)
				EditorAssembliesLoaded (1ms)
			ExecutionOrderSort2 (0ms)
			AwakeInstancesAfterBackupRestoration (8ms)
Platform modules already initialized, skipping
Refreshing native plugins compatible for Editor in 3.91 ms, found 7 plugins.
Preloading 0 native plugins for Editor in 0.00 ms.
Unloading 3668 Unused Serialized files (Serialized files now loaded: 0)
Unloading 30 unused Assets / (263.5 KB). Loaded Objects now: 4162.
Memory consumption went from 130.2 MB to 130.0 MB.
Total: 4.927700 ms (FindLiveObjects: 0.481200 ms CreateObjectMapping: 0.250900 ms MarkObjects: 3.966800 ms  DeleteObjects: 0.227300 ms)

AssetImportParameters requested are different than current active one (requested -> active):
  custom:video-decoder-ogg-theora: a1e56fd34408186e4bbccfd4996cb3dc -> 
  custom:container-muxer-webm: aa71ff27fc2769a1b78a27578f13a17b -> 
  custom:container-demuxer-webm: 4f35f7cbe854078d1ac9338744f61a02 -> 
  custom:video-encoder-webm-vp8: eb34c28f22e8b96e1ab97ce403110664 -> 
  custom:audio-encoder-webm-vorbis: bf7c407c2cedff20999df2af8eb42d56 -> 
  custom:framework-win-MediaFoundation: 216162199b28c13a410421893ffa2e32 -> 
  custom:container-demuxer-ogg: 62fdf1f143b41e24485cea50d1cbac27 -> 
  custom:video-decoder-webm-vp8: 9c59270c3fd7afecdb556c50c9e8de78 -> 
  custom:audio-decoder-ogg-vorbis: bf7c407c2cedff20999df2af8eb42d56 -> 
========================================================================
Received Import Request.
  Time since last request: 13.980782 seconds.
  path: Assets/LuaFramework/NGUI/Examples/Scenes/Example 13 - Tabs.unity
  artifactKey: Guid(14fe17db4f51e4d4b9b0f63f3fdc8600) Importer(815301076,1909f56bfc062723c751e8b465ee728b)
Start importing Assets/LuaFramework/NGUI/Examples/Scenes/Example 13 - Tabs.unity using Guid(14fe17db4f51e4d4b9b0f63f3fdc8600) Importer(815301076,1909f56bfc062723c751e8b465ee728b)  -> (artifact id: 'a5518b10ec39708028d2d0683173e765') in 0.013261 seconds 
========================================================================
Received Import Request.
  Time since last request: 1.917631 seconds.
  path: Assets/LuaFramework/NGUI/Examples/Scenes/Example 14 - Endless Scroll Views.unity
  artifactKey: Guid(f1f9c736228c5e6418db57dd42570c03) Importer(815301076,1909f56bfc062723c751e8b465ee728b)
Start importing Assets/LuaFramework/NGUI/Examples/Scenes/Example 14 - Endless Scroll Views.unity using Guid(f1f9c736228c5e6418db57dd42570c03) Importer(815301076,1909f56bfc062723c751e8b465ee728b)  -> (artifact id: '9932c867f27849fcd2e70911949381cc') in 0.008476 seconds 
========================================================================
Received Prepare
Registering precompiled user dll's ...
Registered in 0.006785 seconds.
Begin MonoManager ReloadAssembly
Native extension for WindowsStandalone target not found
Refreshing native plugins compatible for Editor in 1.41 ms, found 7 plugins.
Preloading 0 native plugins for Editor in 0.00 ms.
Mono: successfully reloaded assembly
- Completed reload, in  1.127 seconds
Domain Reload Profiling:
	ReloadAssembly (1128ms)
		BeginReloadAssembly (113ms)
			ExecutionOrderSort (0ms)
			DisableScriptedObjects (5ms)
			BackupInstance (0ms)
			ReleaseScriptingObjects (0ms)
			CreateAndSetChildDomain (28ms)
		EndReloadAssembly (940ms)
			LoadAssemblies (77ms)
			RebuildTransferFunctionScriptingTraits (0ms)
			SetupTypeCache (279ms)
			ReleaseScriptCaches (2ms)
			RebuildScriptCaches (61ms)
			SetupLoadedEditorAssemblies (457ms)
				LogAssemblyErrors (0ms)
				InitializePlatformSupportModulesInManaged (17ms)
				SetLoadedEditorAssemblies (1ms)
				RefreshPlugins (2ms)
				BeforeProcessingInitializeOnLoad (86ms)
				ProcessInitializeOnLoadAttributes (306ms)
				ProcessInitializeOnLoadMethodAttributes (35ms)
				AfterProcessingInitializeOnLoad (11ms)
				EditorAssembliesLoaded (0ms)
			ExecutionOrderSort2 (0ms)
			AwakeInstancesAfterBackupRestoration (7ms)
Platform modules already initialized, skipping
Refreshing native plugins compatible for Editor in 3.15 ms, found 7 plugins.
Preloading 0 native plugins for Editor in 0.00 ms.
Unloading 3668 Unused Serialized files (Serialized files now loaded: 0)
Unloading 30 unused Assets / (263.9 KB). Loaded Objects now: 4165.
Memory consumption went from 130.2 MB to 130.0 MB.
Total: 5.223500 ms (FindLiveObjects: 0.508200 ms CreateObjectMapping: 0.248200 ms MarkObjects: 3.895200 ms  DeleteObjects: 0.568600 ms)

AssetImportParameters requested are different than current active one (requested -> active):
  custom:video-decoder-ogg-theora: a1e56fd34408186e4bbccfd4996cb3dc -> 
  custom:container-muxer-webm: aa71ff27fc2769a1b78a27578f13a17b -> 
  custom:container-demuxer-webm: 4f35f7cbe854078d1ac9338744f61a02 -> 
  custom:video-encoder-webm-vp8: eb34c28f22e8b96e1ab97ce403110664 -> 
  custom:audio-encoder-webm-vorbis: bf7c407c2cedff20999df2af8eb42d56 -> 
  custom:framework-win-MediaFoundation: 216162199b28c13a410421893ffa2e32 -> 
  custom:container-demuxer-ogg: 62fdf1f143b41e24485cea50d1cbac27 -> 
  custom:video-decoder-webm-vp8: 9c59270c3fd7afecdb556c50c9e8de78 -> 
  custom:audio-decoder-ogg-vorbis: bf7c407c2cedff20999df2af8eb42d56 -> 
========================================================================
Received Import Request.
  Time since last request: 22.016018 seconds.
  path: Assets/LuaFramework/NGUI/Examples/Scenes/Example X - Character.unity
  artifactKey: Guid(0a5a55ad607f621418e7ca710de5ba04) Importer(815301076,1909f56bfc062723c751e8b465ee728b)
Start importing Assets/LuaFramework/NGUI/Examples/Scenes/Example X - Character.unity using Guid(0a5a55ad607f621418e7ca710de5ba04) Importer(815301076,1909f56bfc062723c751e8b465ee728b)  -> (artifact id: '1fc13f9e0430daa024c83bfbfa7dc47a') in 0.013394 seconds 
========================================================================
Received Prepare
Registering precompiled user dll's ...
Registered in 0.006057 seconds.
Begin MonoManager ReloadAssembly
Native extension for WindowsStandalone target not found
Refreshing native plugins compatible for Editor in 1.17 ms, found 7 plugins.
Preloading 0 native plugins for Editor in 0.00 ms.
Mono: successfully reloaded assembly
- Completed reload, in  1.188 seconds
Domain Reload Profiling:
	ReloadAssembly (1189ms)
		BeginReloadAssembly (120ms)
			ExecutionOrderSort (0ms)
			DisableScriptedObjects (4ms)
			BackupInstance (0ms)
			ReleaseScriptingObjects (0ms)
			CreateAndSetChildDomain (28ms)
		EndReloadAssembly (990ms)
			LoadAssemblies (82ms)
			RebuildTransferFunctionScriptingTraits (0ms)
			SetupTypeCache (296ms)
			ReleaseScriptCaches (3ms)
			RebuildScriptCaches (71ms)
			SetupLoadedEditorAssemblies (483ms)
				LogAssemblyErrors (0ms)
				InitializePlatformSupportModulesInManaged (16ms)
				SetLoadedEditorAssemblies (1ms)
				RefreshPlugins (1ms)
				BeforeProcessingInitializeOnLoad (81ms)
				ProcessInitializeOnLoadAttributes (336ms)
				ProcessInitializeOnLoadMethodAttributes (37ms)
				AfterProcessingInitializeOnLoad (11ms)
				EditorAssembliesLoaded (0ms)
			ExecutionOrderSort2 (0ms)
			AwakeInstancesAfterBackupRestoration (5ms)
Platform modules already initialized, skipping
Refreshing native plugins compatible for Editor in 4.24 ms, found 7 plugins.
Preloading 0 native plugins for Editor in 0.00 ms.
Unloading 3668 Unused Serialized files (Serialized files now loaded: 0)
Unloading 30 unused Assets / (263.6 KB). Loaded Objects now: 4168.
Memory consumption went from 130.2 MB to 130.0 MB.
Total: 6.668500 ms (FindLiveObjects: 0.862500 ms CreateObjectMapping: 0.711300 ms MarkObjects: 4.524400 ms  DeleteObjects: 0.566000 ms)

AssetImportParameters requested are different than current active one (requested -> active):
  custom:video-decoder-ogg-theora: a1e56fd34408186e4bbccfd4996cb3dc -> 
  custom:container-muxer-webm: aa71ff27fc2769a1b78a27578f13a17b -> 
  custom:container-demuxer-webm: 4f35f7cbe854078d1ac9338744f61a02 -> 
  custom:video-encoder-webm-vp8: eb34c28f22e8b96e1ab97ce403110664 -> 
  custom:audio-encoder-webm-vorbis: bf7c407c2cedff20999df2af8eb42d56 -> 
  custom:framework-win-MediaFoundation: 216162199b28c13a410421893ffa2e32 -> 
  custom:container-demuxer-ogg: 62fdf1f143b41e24485cea50d1cbac27 -> 
  custom:video-decoder-webm-vp8: 9c59270c3fd7afecdb556c50c9e8de78 -> 
  custom:audio-decoder-ogg-vorbis: bf7c407c2cedff20999df2af8eb42d56 -> 
========================================================================
Received Import Request.
  Time since last request: 15.860032 seconds.
  path: Assets/LuaFramework/NGUI/Examples/Scenes/Tutorial 1.unity
  artifactKey: Guid(3a02d27ea09f7854ab4409b51c84dfe1) Importer(815301076,1909f56bfc062723c751e8b465ee728b)
Start importing Assets/LuaFramework/NGUI/Examples/Scenes/Tutorial 1.unity using Guid(3a02d27ea09f7854ab4409b51c84dfe1) Importer(815301076,1909f56bfc062723c751e8b465ee728b)  -> (artifact id: 'd4683aa607f5ffe971cc599f555dabe9') in 0.015860 seconds 
========================================================================
Received Import Request.
  Time since last request: 1.198281 seconds.
  path: Assets/LuaFramework/NGUI/Examples/Scenes/Tutorial 2.unity
  artifactKey: Guid(f179cb5ecea510d4983ccae256a008ac) Importer(815301076,1909f56bfc062723c751e8b465ee728b)
Start importing Assets/LuaFramework/NGUI/Examples/Scenes/Tutorial 2.unity using Guid(f179cb5ecea510d4983ccae256a008ac) Importer(815301076,1909f56bfc062723c751e8b465ee728b)  -> (artifact id: '5380c4f49d3a2ff07bf99302d57786f6') in 0.007281 seconds 
========================================================================
Received Import Request.
  Time since last request: 2.246931 seconds.
  path: Assets/LuaFramework/NGUI/Examples/Scenes/Tutorial 3.unity
  artifactKey: Guid(070666400d49df049a7f49d6a33defa6) Importer(815301076,1909f56bfc062723c751e8b465ee728b)
Start importing Assets/LuaFramework/NGUI/Examples/Scenes/Tutorial 3.unity using Guid(070666400d49df049a7f49d6a33defa6) Importer(815301076,1909f56bfc062723c751e8b465ee728b)  -> (artifact id: 'ff6acb370605e89d10ff91d464d52a2c') in 0.005737 seconds 
========================================================================
Received Import Request.
  Time since last request: 0.956046 seconds.
  path: Assets/LuaFramework/NGUI/Examples/Scenes/Tutorial 4.unity
  artifactKey: Guid(8dbe00b5349edd843a205c7af7250b0e) Importer(815301076,1909f56bfc062723c751e8b465ee728b)
Start importing Assets/LuaFramework/NGUI/Examples/Scenes/Tutorial 4.unity using Guid(8dbe00b5349edd843a205c7af7250b0e) Importer(815301076,1909f56bfc062723c751e8b465ee728b)  -> (artifact id: 'cdfe1ec8bc0a4da2ede513aadc69feb3') in 0.006196 seconds 
========================================================================
Received Import Request.
  Time since last request: 1.094130 seconds.
  path: Assets/LuaFramework/NGUI/Examples/Scenes/Tutorial 6.unity
  artifactKey: Guid(626f82a3943eec6468bd1b085d8fb907) Importer(815301076,1909f56bfc062723c751e8b465ee728b)
Start importing Assets/LuaFramework/NGUI/Examples/Scenes/Tutorial 6.unity using Guid(626f82a3943eec6468bd1b085d8fb907) Importer(815301076,1909f56bfc062723c751e8b465ee728b)  -> (artifact id: '0f8721d863b90d1005968ca698c5052a') in 0.007735 seconds 
========================================================================
Received Import Request.
  Time since last request: 0.647053 seconds.
  path: Assets/LuaFramework/NGUI/Examples/Scenes/Tutorial 7.unity
  artifactKey: Guid(ae1b853772f4c124ab62237544255ba4) Importer(815301076,1909f56bfc062723c751e8b465ee728b)
Start importing Assets/LuaFramework/NGUI/Examples/Scenes/Tutorial 7.unity using Guid(ae1b853772f4c124ab62237544255ba4) Importer(815301076,1909f56bfc062723c751e8b465ee728b)  -> (artifact id: '19556e812fbd644b584d2edb287123aa') in 0.007268 seconds 
========================================================================
Received Prepare
Registering precompiled user dll's ...
Registered in 0.009528 seconds.
Begin MonoManager ReloadAssembly
Native extension for WindowsStandalone target not found
Refreshing native plugins compatible for Editor in 1.28 ms, found 7 plugins.
Preloading 0 native plugins for Editor in 0.00 ms.
Mono: successfully reloaded assembly
- Completed reload, in  1.101 seconds
Domain Reload Profiling:
	ReloadAssembly (1102ms)
		BeginReloadAssembly (114ms)
			ExecutionOrderSort (0ms)
			DisableScriptedObjects (4ms)
			BackupInstance (0ms)
			ReleaseScriptingObjects (0ms)
			CreateAndSetChildDomain (28ms)
		EndReloadAssembly (912ms)
			LoadAssemblies (75ms)
			RebuildTransferFunctionScriptingTraits (0ms)
			SetupTypeCache (272ms)
			ReleaseScriptCaches (2ms)
			RebuildScriptCaches (65ms)
			SetupLoadedEditorAssemblies (443ms)
				LogAssemblyErrors (0ms)
				InitializePlatformSupportModulesInManaged (15ms)
				SetLoadedEditorAssemblies (1ms)
				RefreshPlugins (1ms)
				BeforeProcessingInitializeOnLoad (79ms)
				ProcessInitializeOnLoadAttributes (300ms)
				ProcessInitializeOnLoadMethodAttributes (36ms)
				AfterProcessingInitializeOnLoad (11ms)
				EditorAssembliesLoaded (0ms)
			ExecutionOrderSort2 (0ms)
			AwakeInstancesAfterBackupRestoration (7ms)
Platform modules already initialized, skipping
Refreshing native plugins compatible for Editor in 3.79 ms, found 7 plugins.
Preloading 0 native plugins for Editor in 0.00 ms.
Unloading 3668 Unused Serialized files (Serialized files now loaded: 0)
Unloading 30 unused Assets / (263.7 KB). Loaded Objects now: 4171.
Memory consumption went from 130.3 MB to 130.0 MB.
Total: 5.797900 ms (FindLiveObjects: 0.808600 ms CreateObjectMapping: 0.665600 ms MarkObjects: 3.968700 ms  DeleteObjects: 0.353300 ms)

AssetImportParameters requested are different than current active one (requested -> active):
  custom:video-decoder-ogg-theora: a1e56fd34408186e4bbccfd4996cb3dc -> 
  custom:container-muxer-webm: aa71ff27fc2769a1b78a27578f13a17b -> 
  custom:container-demuxer-webm: 4f35f7cbe854078d1ac9338744f61a02 -> 
  custom:video-encoder-webm-vp8: eb34c28f22e8b96e1ab97ce403110664 -> 
  custom:audio-encoder-webm-vorbis: bf7c407c2cedff20999df2af8eb42d56 -> 
  custom:framework-win-MediaFoundation: 216162199b28c13a410421893ffa2e32 -> 
  custom:container-demuxer-ogg: 62fdf1f143b41e24485cea50d1cbac27 -> 
  custom:video-decoder-webm-vp8: 9c59270c3fd7afecdb556c50c9e8de78 -> 
  custom:audio-decoder-ogg-vorbis: bf7c407c2cedff20999df2af8eb42d56 -> 
========================================================================
Received Import Request.
  Time since last request: 172.837709 seconds.
  path: Assets/LuaFramework/NGUI/Examples/Atlases/Wooden/Wooden Atlas.prefab
  artifactKey: Guid(62adb30369acbf943a67cee0f69267a3) Importer(815301076,1909f56bfc062723c751e8b465ee728b)
Start importing Assets/LuaFramework/NGUI/Examples/Atlases/Wooden/Wooden Atlas.prefab using Guid(62adb30369acbf943a67cee0f69267a3) Importer(815301076,1909f56bfc062723c751e8b465ee728b)  -> (artifact id: 'd535dd38259cbd6eea81f83bb9cf4a5c') in 0.052645 seconds 
========================================================================
Received Import Request.
  Time since last request: 20.276163 seconds.
  path: Assets/LuaFramework/NGUI/Examples/Atlases/Wooden/Wooden Atlas.png
  artifactKey: Guid(7280812eccadc1e47b7402e6d9679e5c) Importer(815301076,1909f56bfc062723c751e8b465ee728b)
Start importing Assets/LuaFramework/NGUI/Examples/Atlases/Wooden/Wooden Atlas.png using Guid(7280812eccadc1e47b7402e6d9679e5c) Importer(815301076,1909f56bfc062723c751e8b465ee728b)  -> (artifact id: '3f28999e6df53abbd83b863fdbb7de44') in 0.051839 seconds 
========================================================================
Received Import Request.
  Time since last request: 747.613093 seconds.
  path: Assets/LuaFramework/NGUI/Examples/Atlases/Wooden/Arimo20.tga
  artifactKey: Guid(31320d95f085b244da859514fb70c620) Importer(815301076,1909f56bfc062723c751e8b465ee728b)
Start importing Assets/LuaFramework/NGUI/Examples/Atlases/Wooden/Arimo20.tga using Guid(31320d95f085b244da859514fb70c620) Importer(815301076,1909f56bfc062723c751e8b465ee728b)  -> (artifact id: 'bad4d74083d6ee7be94ec4c3ae98dd2e') in 0.026505 seconds 
========================================================================
Received Import Request.
  Time since last request: 976.172318 seconds.
  path: Assets/LuaFramework/NGUI/Examples/Atlases/Wooden
  artifactKey: Guid(987a2b1e1974477429a35863afff9c4a) Importer(815301076,1909f56bfc062723c751e8b465ee728b)
Start importing Assets/LuaFramework/NGUI/Examples/Atlases/Wooden using Guid(987a2b1e1974477429a35863afff9c4a) Importer(815301076,1909f56bfc062723c751e8b465ee728b)  -> (artifact id: 'a41d8d200a0e1c22a051eb450bba7838') in 0.021305 seconds 
========================================================================
Received Import Request.
  Time since last request: 221.222467 seconds.
  path: Assets/LuaFramework/NGUI/Examples/Atlases/Wooden/Control - Simple Input Field.prefab
  artifactKey: Guid(45edf347f9f51214dbfbab27b16fbf01) Importer(815301076,1909f56bfc062723c751e8b465ee728b)
Start importing Assets/LuaFramework/NGUI/Examples/Atlases/Wooden/Control - Simple Input Field.prefab using Guid(45edf347f9f51214dbfbab27b16fbf01) Importer(815301076,1909f56bfc062723c751e8b465ee728b)  -> (artifact id: '44e3cc61b9f821b8d2110ac28b6aa169') in 0.017625 seconds 
